{"level":"error","time":"2025-11-23T17:45:37.528Z","pid":24616,"hostname":"Jeevans-MacBook-Air.local","msg":"Weather API error for query \"indona\" and type \"forecast\": Request failed with status code 400"}
{"level":"error","time":"2025-11-23T17:45:37.560Z","pid":24616,"hostname":"Jeevans-MacBook-Air.local","msg":"Weather API error for query \"indona\" and type \"current\": Request failed with status code 400"}
{"level":"error","time":"2025-11-23T17:52:56.004Z","pid":25024,"hostname":"Jeevans-MacBook-Air.local","msg":"Weather API error for query \"andrapradesh\" and type \"forecast\": Request failed with status code 400"}
{"level":"error","time":"2025-11-23T17:52:56.013Z","pid":25024,"hostname":"Jeevans-MacBook-Air.local","msg":"Weather API error for query \"andrapradesh\" and type \"current\": Request failed with status code 400"}
{"level":"error","time":"2025-11-23T17:52:56.291Z","pid":25024,"hostname":"Jeevans-MacBook-Air.local","msg":"Weather API error for query \"andrapradesh\" and type \"forecast\": Request failed with status code 400"}
{"level":"error","time":"2025-11-23T17:53:03.096Z","pid":25024,"hostname":"Jeevans-MacBook-Air.local","msg":"Weather API error for query \"hariyana\" and type \"forecast\": Request failed with status code 400"}
{"level":"error","time":"2025-11-23T17:53:03.118Z","pid":25024,"hostname":"Jeevans-MacBook-Air.local","msg":"Weather API error for query \"hariyana\" and type \"current\": Request failed with status code 400"}
{"level":"error","time":"2025-11-23T17:57:20.849Z","pid":25024,"hostname":"Jeevans-MacBook-Air.local","msg":"Weather API error for query \"Londan\" and type \"current\": Request failed with status code 400"}
{"level":"error","time":"2025-11-23T17:57:20.862Z","pid":25024,"hostname":"Jeevans-MacBook-Air.local","msg":"Weather API error for query \"Londan\" and type \"forecast\": Request failed with status code 400"}
{"level":"error","time":"2025-11-23T17:58:06.824Z","pid":25024,"hostname":"Jeevans-MacBook-Air.local","msg":"Weather API error for query \"Mudbidire\" and type \"current\": Request failed with status code 400"}
{"level":"error","time":"2025-11-23T17:58:06.835Z","pid":25024,"hostname":"Jeevans-MacBook-Air.local","msg":"Weather API error for query \"Mudbidire\" and type \"forecast\": Request failed with status code 400"}
{"level":"error","time":"2025-11-23T17:58:07.099Z","pid":25024,"hostname":"Jeevans-MacBook-Air.local","msg":"Weather API error for query \"Mudbidire\" and type \"forecast\": Request failed with status code 400"}
{"level":"error","time":"2025-11-23T18:06:39.275Z","pid":26215,"hostname":"Jeevans-MacBook-Air.local","msg":"Weather API error for query \"Asdfsadfasdfasdfasdf\" and type \"forecast\": Request failed with status code 400"}
{"level":"error","time":"2025-11-23T18:06:39.282Z","pid":26215,"hostname":"Jeevans-MacBook-Air.local","msg":"Weather API error for query \"Asdfsadfasdfasdfasdf\" and type \"current\": Request failed with status code 400"}
{"level":"error","time":"2025-11-23T18:06:39.525Z","pid":26215,"hostname":"Jeevans-MacBook-Air.local","msg":"Weather API error for query \"Asdfsadfasdfasdfasdf\" and type \"forecast\": Request failed with status code 400"}
{"level":"error","time":"2025-11-23T18:08:09.853Z","pid":26215,"hostname":"Jeevans-MacBook-Air.local","msg":"Weather API error for query \"Asdfasdf\" and type \"forecast\": Request failed with status code 400"}
{"level":"error","time":"2025-11-23T18:08:09.905Z","pid":26215,"hostname":"Jeevans-MacBook-Air.local","msg":"Weather API error for query \"Asdfasdf\" and type \"current\": Request failed with status code 400"}
{"level":"error","time":"2025-11-23T18:08:10.190Z","pid":26215,"hostname":"Jeevans-MacBook-Air.local","msg":"Weather API error for query \"Asdfasdf\" and type \"forecast\": Request failed with status code 400"}
{"level":"error","time":"2025-11-23T18:27:05.547Z","pid":26215,"hostname":"Jeevans-MacBook-Air.local","msg":"Weather API error for query \"Casdfasdgf\" and type \"current\": Request failed with status code 400"}
{"level":"error","time":"2025-11-23T18:27:05.722Z","pid":26215,"hostname":"Jeevans-MacBook-Air.local","msg":"Weather API error for query \"Casdfasdgf\" and type \"forecast\": Request failed with status code 400"}
{"level":"error","time":"2025-11-23T18:27:05.977Z","pid":26215,"hostname":"Jeevans-MacBook-Air.local","msg":"Weather API error for query \"Casdfasdgf\" and type \"forecast\": Request failed with status code 400"}
{"level":"error","time":"2025-11-23T18:27:17.274Z","pid":26215,"hostname":"Jeevans-MacBook-Air.local","msg":"Weather API error for query \"Sdfsdfsdf\" and type \"forecast\": Request failed with status code 400"}
{"level":"error","time":"2025-11-23T18:27:17.279Z","pid":26215,"hostname":"Jeevans-MacBook-Air.local","msg":"Weather API error for query \"Sdfsdfsdf\" and type \"current\": Request failed with status code 400"}
{"level":"error","time":"2025-11-23T18:27:39.774Z","pid":26215,"hostname":"Jeevans-MacBook-Air.local","msg":"Weather API error for query \"Asdgasgasg\" and type \"forecast\": Request failed with status code 400"}
{"level":"error","time":"2025-11-23T18:27:39.783Z","pid":26215,"hostname":"Jeevans-MacBook-Air.local","msg":"Weather API error for query \"Asdgasgasg\" and type \"current\": Request failed with status code 400"}
{"level":"error","time":"2025-11-23T18:43:34.248Z","pid":26215,"hostname":"Jeevans-MacBook-Air.local","msg":"Weather API error for query \"Kadsfasdf\" and type \"current\": Request failed with status code 400"}
{"level":"error","time":"2025-11-23T18:43:34.251Z","pid":26215,"hostname":"Jeevans-MacBook-Air.local","msg":"Weather API error for query \"Kadsfasdf\" and type \"forecast\": Request failed with status code 400"}
{"level":"error","time":"2025-11-23T18:43:34.522Z","pid":26215,"hostname":"Jeevans-MacBook-Air.local","msg":"Weather API error for query \"Kadsfasdf\" and type \"forecast\": Request failed with status code 400"}
